0 info it worked if it ends with ok
1 verbose cli [ '/home/cabox/.nvm/versions/node/v4.4.0/bin/node',
1 verbose cli   '/home/cabox/.nvm/versions/node/v4.4.0/bin/npm',
1 verbose cli   'start' ]
2 info using npm@3.8.1
3 info using node@v4.4.0
4 verbose run-script [ 'prestart', 'start', 'poststart' ]
5 info lifecycle gds-ms-api@0.1.0~prestart: gds-ms-api@0.1.0
6 silly lifecycle gds-ms-api@0.1.0~prestart: no script for prestart, continuing
7 info lifecycle gds-ms-api@0.1.0~start: gds-ms-api@0.1.0
8 verbose lifecycle gds-ms-api@0.1.0~start: unsafe-perm in lifecycle true
9 verbose lifecycle gds-ms-api@0.1.0~start: PATH: /home/cabox/.nvm/versions/node/v4.4.0/lib/node_modules/npm/bin/node-gyp-bin:/home/cabox/workspace/node_modules/.bin:/home/cabox/.nvm/versions/node/v4.4.0/bin:/home/cabox/.nvm/versions/node/v4.4.0/bin:/home/cabox/.npm-packages/bin:/usr/local/sbin:/usr/local/bin:/usr/sbin:/usr/bin:/sbin:/bin:/usr/games
10 verbose lifecycle gds-ms-api@0.1.0~start: CWD: /home/cabox/workspace
11 silly lifecycle gds-ms-api@0.1.0~start: Args: [ '-c', 'gulp start' ]
12 silly lifecycle gds-ms-api@0.1.0~start: Returned: code: 1  signal: null
13 info lifecycle gds-ms-api@0.1.0~start: Failed to exec start script
14 verbose stack Error: gds-ms-api@0.1.0 start: `gulp start`
14 verbose stack Exit status 1
14 verbose stack     at EventEmitter.<anonymous> (/home/cabox/.nvm/versions/node/v4.4.0/lib/node_modules/npm/lib/utils/lifecycle.js:239:16)
14 verbose stack     at emitTwo (events.js:87:13)
14 verbose stack     at EventEmitter.emit (events.js:172:7)
14 verbose stack     at ChildProcess.<anonymous> (/home/cabox/.nvm/versions/node/v4.4.0/lib/node_modules/npm/lib/utils/spawn.js:24:14)
14 verbose stack     at emitTwo (events.js:87:13)
14 verbose stack     at ChildProcess.emit (events.js:172:7)
14 verbose stack     at maybeClose (internal/child_process.js:827:16)
14 verbose stack     at Process.ChildProcess._handle.onexit (internal/child_process.js:211:5)
15 verbose pkgid gds-ms-api@0.1.0
16 verbose cwd /home/cabox/workspace
17 error Linux 2.6.32-042stab112.15
18 error argv "/home/cabox/.nvm/versions/node/v4.4.0/bin/node" "/home/cabox/.nvm/versions/node/v4.4.0/bin/npm" "start"
19 error node v4.4.0
20 error npm  v3.8.1
21 error code ELIFECYCLE
22 error gds-ms-api@0.1.0 start: `gulp start`
22 error Exit status 1
23 error Failed at the gds-ms-api@0.1.0 start script 'gulp start'.
23 error Make sure you have the latest version of node.js and npm installed.
23 error If you do, this is most likely a problem with the gds-ms-api package,
23 error not with npm itself.
23 error Tell the author that this fails on your system:
23 error     gulp start
23 error You can get information on how to open an issue for this project with:
23 error     npm bugs gds-ms-api
23 error Or if that isn't available, you can get their info via:
23 error     npm owner ls gds-ms-api
23 error There is likely additional logging output above.
24 verbose exit [ 1, true ]
